<?xml version="1.0" encoding="UTF-8"?>
<testsuite name="com.owncloud.android.utils.ErrorMessageAdapterUnitTest" tests="1" skipped="0" failures="0" errors="0" timestamp="2016-08-31T02:32:30" hostname="LENOVO-Y510P" time="0.011">
  <properties/>
  <testcase name="getErrorCauseMessageForForbiddenRemoval" classname="com.owncloud.android.utils.ErrorMessageAdapterUnitTest" time="0.011"/>
  <system-out><![CDATA[]]></system-out>
  <system-err><![CDATA[]]></system-err>
</testsuite>
